c:\users\danie\documents\schooling\msu\csci592\opengl_rasterizer\x64\debug\vc143.pdb
c:\users\danie\documents\schooling\msu\csci592\opengl_rasterizer\x64\debug\vc143.idb
c:\users\danie\documents\schooling\msu\csci592\opengl_rasterizer\x64\debug\opengl_rasterizer.obj
c:\users\danie\documents\schooling\msu\csci592\opengl_rasterizer\x64\debug\opengl_rasterizer.pdb
c:\users\danie\documents\schooling\msu\csci592\opengl_rasterizer\x64\debug\opengl_r.bdf0984b.tlog\cl.command.1.tlog
c:\users\danie\documents\schooling\msu\csci592\opengl_rasterizer\x64\debug\opengl_r.bdf0984b.tlog\cl.items.tlog
c:\users\danie\documents\schooling\msu\csci592\opengl_rasterizer\x64\debug\opengl_r.bdf0984b.tlog\cl.read.1.tlog
c:\users\danie\documents\schooling\msu\csci592\opengl_rasterizer\x64\debug\opengl_r.bdf0984b.tlog\cl.write.1.tlog
c:\users\danie\documents\schooling\msu\csci592\opengl_rasterizer\x64\debug\opengl_r.bdf0984b.tlog\link-cvtres.read.1.tlog
c:\users\danie\documents\schooling\msu\csci592\opengl_rasterizer\x64\debug\opengl_r.bdf0984b.tlog\link-cvtres.write.1.tlog
c:\users\danie\documents\schooling\msu\csci592\opengl_rasterizer\x64\debug\opengl_r.bdf0984b.tlog\link-rc.read.1.tlog
c:\users\danie\documents\schooling\msu\csci592\opengl_rasterizer\x64\debug\opengl_r.bdf0984b.tlog\link-rc.write.1.tlog
c:\users\danie\documents\schooling\msu\csci592\opengl_rasterizer\x64\debug\opengl_r.bdf0984b.tlog\link.23528-cvtres.read.1.tlog
c:\users\danie\documents\schooling\msu\csci592\opengl_rasterizer\x64\debug\opengl_r.bdf0984b.tlog\link.23528-cvtres.write.1.tlog
c:\users\danie\documents\schooling\msu\csci592\opengl_rasterizer\x64\debug\opengl_r.bdf0984b.tlog\link.23528-rc.read.1.tlog
c:\users\danie\documents\schooling\msu\csci592\opengl_rasterizer\x64\debug\opengl_r.bdf0984b.tlog\link.23528-rc.write.1.tlog
c:\users\danie\documents\schooling\msu\csci592\opengl_rasterizer\x64\debug\opengl_r.bdf0984b.tlog\link.23528.read.1.tlog
c:\users\danie\documents\schooling\msu\csci592\opengl_rasterizer\x64\debug\opengl_r.bdf0984b.tlog\link.23528.read.2.tlog
c:\users\danie\documents\schooling\msu\csci592\opengl_rasterizer\x64\debug\opengl_r.bdf0984b.tlog\link.23528.write.1.tlog
c:\users\danie\documents\schooling\msu\csci592\opengl_rasterizer\x64\debug\opengl_r.bdf0984b.tlog\link.command.1.tlog
c:\users\danie\documents\schooling\msu\csci592\opengl_rasterizer\x64\debug\opengl_r.bdf0984b.tlog\link.read.1.tlog
c:\users\danie\documents\schooling\msu\csci592\opengl_rasterizer\x64\debug\opengl_r.bdf0984b.tlog\link.read.2.tlog
c:\users\danie\documents\schooling\msu\csci592\opengl_rasterizer\x64\debug\opengl_r.bdf0984b.tlog\link.write.1.tlog
